{"name": "test_sample3", "status": "failed", "statusDetails": {"message": "AssertionError: Name is not correct\nassert 'John' == 'Josh'\n  - Josh\n  ?   -\n  + John\n  ?    +", "trace": "def test_sample3():\n        url = \"https://restful-booker.herokuapp.com/booking/\"\n        id = 23\n        URL = url + str(id)\n        response_body = requests.get(URL)\n        assert response_body.status_code == 200\n    \n        data = response_body.json()\n    \n        assert \"firstname\" in data, \"First name is not present\"\n        assert \"lastname\" in data, \"last name is not present\"\n    \n>       assert data[\"firstname\"] == \"Josh\", \"Name is not correct\"\nE       AssertionError: Name is not correct\nE       assert 'John' == 'Josh'\nE         - Josh\nE         ?   -\nE         + John\nE         ?    +\n\nPythonRequestsRestful\\test_AutomationAPI3.py:20: AssertionError"}, "start": 1703416645482, "stop": 1703416646559, "uuid": "ebd97a42-0a43-400c-b28a-a5d706312aec", "historyId": "2a080b3b3db88321dd8f4fa0cacccce3", "testCaseId": "2a080b3b3db88321dd8f4fa0cacccce3", "fullName": "PythonRequestsRestful.test_AutomationAPI3#test_sample3", "labels": [{"name": "parentSuite", "value": "PythonRequestsRestful"}, {"name": "suite", "value": "test_AutomationAPI3"}, {"name": "host", "value": "LAPTOP-Q5VAVA9I"}, {"name": "thread", "value": "4780-MainThread"}, {"name": "framework", "value": "pytest"}, {"name": "language", "value": "cpython3"}, {"name": "package", "value": "PythonRequestsRestful.test_AutomationAPI3"}]}