{"name": "test_sample3", "status": "failed", "statusDetails": {"message": "AssertionError: Name is not correct\nassert 'Jim' == 'Josh'\n  - Josh\n  + Jim", "trace": "def test_sample3():\n        url = \"https://restful-booker.herokuapp.com/booking/\"\n        id = 23\n        URL = url + str(id)\n        response_body = requests.get(URL)\n        assert response_body.status_code == 200\n    \n        data = response_body.json()\n    \n        assert \"firstname\" in data, \"First name is not present\"\n        assert \"lastname\" in data, \"last name is not present\"\n    \n>       assert data[\"firstname\"] == \"Josh\", \"Name is not correct\"\nE       AssertionError: Name is not correct\nE       assert 'Jim' == 'Josh'\nE         - Josh\nE         + Jim\n\nPythonRequestsRestful\\test_AutomationAPI3.py:20: AssertionError"}, "start": 1703426013401, "stop": 1703426014489, "uuid": "b2771b52-a220-4720-a8a5-df4317135164", "historyId": "2a080b3b3db88321dd8f4fa0cacccce3", "testCaseId": "2a080b3b3db88321dd8f4fa0cacccce3", "fullName": "PythonRequestsRestful.test_AutomationAPI3#test_sample3", "labels": [{"name": "parentSuite", "value": "PythonRequestsRestful"}, {"name": "suite", "value": "test_AutomationAPI3"}, {"name": "host", "value": "LAPTOP-Q5VAVA9I"}, {"name": "thread", "value": "5044-MainThread"}, {"name": "framework", "value": "pytest"}, {"name": "language", "value": "cpython3"}, {"name": "package", "value": "PythonRequestsRestful.test_AutomationAPI3"}]}